{"meta": {"format": 3, "version": "7.13.4", "timestamp": "2026-03-06T01:00:19.475402", "branch_coverage": false, "show_contexts": false}, "files": {"app\\__init__.py": {"executed_lines": [], "summary": {"covered_lines": 0, "num_statements": 0, "percent_covered": 100.0, "percent_covered_display": "100", "missing_lines": 0, "excluded_lines": 0, "percent_statements_covered": 100.0, "percent_statements_covered_display": "100"}, "missing_lines": [], "excluded_lines": [], "functions": {"": {"executed_lines": [], "summary": {"covered_lines": 0, "num_statements": 0, "percent_covered": 100.0, "percent_covered_display": "100", "missing_lines": 0, "excluded_lines": 0, "percent_statements_covered": 100.0, "percent_statements_covered_display": "100"}, "missing_lines": [], "excluded_lines": [], "start_line": 1}}, "classes": {"": {"executed_lines": [], "summary": {"covered_lines": 0, "num_statements": 0, "percent_covered": 100.0, "percent_covered_display": "100", "missing_lines": 0, "excluded_lines": 0, "percent_statements_covered": 100.0, "percent_statements_covered_display": "100"}, "missing_lines": [], "excluded_lines": [], "start_line": 1}}}, "app\\core.py": {"executed_lines": [5, 6, 7, 8, 9, 11, 18, 30, 31, 33, 47, 54, 57, 64, 67, 75, 76, 77, 84, 99, 100, 102, 103, 107, 109, 110, 118, 124, 137, 150, 164, 165, 166, 167, 170, 178, 179, 180, 181, 182], "summary": {"covered_lines": 40, "num_statements": 40, "percent_covered": 100.0, "percent_covered_display": "100", "missing_lines": 0, "excluded_lines": 0, "percent_statements_covered": 100.0, "percent_statements_covered_display": "100"}, "missing_lines": [], "excluded_lines": [], "functions": {"canonical_profile": {"executed_lines": [30, 31, 33], "summary": {"covered_lines": 3, "num_statements": 3, "percent_covered": 100.0, "percent_covered_display": "100", "missing_lines": 0, "excluded_lines": 0, "percent_statements_covered": 100.0, "percent_statements_covered_display": "100"}, "missing_lines": [], "excluded_lines": [], "start_line": 18}, "stable_json": {"executed_lines": [54], "summary": {"covered_lines": 1, "num_statements": 1, "percent_covered": 100.0, "percent_covered_display": "100", "missing_lines": 0, "excluded_lines": 0, "percent_statements_covered": 100.0, "percent_statements_covered_display": "100"}, "missing_lines": [], "excluded_lines": [], "start_line": 47}, "sha256_str": {"executed_lines": [64], "summary": {"covered_lines": 1, "num_statements": 1, "percent_covered": 100.0, "percent_covered_display": "100", "missing_lines": 0, "excluded_lines": 0, "percent_statements_covered": 100.0, "percent_statements_covered_display": "100"}, "missing_lines": [], "excluded_lines": [], "start_line": 57}, "make_job_key": {"executed_lines": [75, 76, 77], "summary": {"covered_lines": 3, "num_statements": 3, "percent_covered": 100.0, "percent_covered_display": "100", "missing_lines": 0, "excluded_lines": 0, "percent_statements_covered": 100.0, "percent_statements_covered_display": "100"}, "missing_lines": [], "excluded_lines": [], "start_line": 67}, "is_heartbeat_stale": {"executed_lines": [99, 100, 102, 103, 107, 109, 110], "summary": {"covered_lines": 7, "num_statements": 7, "percent_covered": 100.0, "percent_covered_display": "100", "missing_lines": 0, "excluded_lines": 0, "percent_statements_covered": 100.0, "percent_statements_covered_display": "100"}, "missing_lines": [], "excluded_lines": [], "start_line": 84}, "make_empty_metrics": {"executed_lines": [137], "summary": {"covered_lines": 1, "num_statements": 1, "percent_covered": 100.0, "percent_covered_display": "100", "missing_lines": 0, "excluded_lines": 0, "percent_statements_covered": 100.0, "percent_statements_covered_display": "100"}, "missing_lines": [], "excluded_lines": [], "start_line": 124}, "update_metrics": {"executed_lines": [164, 165, 166, 167], "summary": {"covered_lines": 4, "num_statements": 4, "percent_covered": 100.0, "percent_covered_display": "100", "missing_lines": 0, "excluded_lines": 0, "percent_statements_covered": 100.0, "percent_statements_covered_display": "100"}, "missing_lines": [], "excluded_lines": [], "start_line": 150}, "write_metrics": {"executed_lines": [178, 179, 180, 181, 182], "summary": {"covered_lines": 5, "num_statements": 5, "percent_covered": 100.0, "percent_covered_display": "100", "missing_lines": 0, "excluded_lines": 0, "percent_statements_covered": 100.0, "percent_statements_covered_display": "100"}, "missing_lines": [], "excluded_lines": [], "start_line": 170}, "": {"executed_lines": [5, 6, 7, 8, 9, 11, 18, 47, 57, 67, 84, 118, 124, 150, 170], "summary": {"covered_lines": 15, "num_statements": 15, "percent_covered": 100.0, "percent_covered_display": "100", "missing_lines": 0, "excluded_lines": 0, "percent_statements_covered": 100.0, "percent_statements_covered_display": "100"}, "missing_lines": [], "excluded_lines": [], "start_line": 1}}, "classes": {"": {"executed_lines": [5, 6, 7, 8, 9, 11, 18, 30, 31, 33, 47, 54, 57, 64, 67, 75, 76, 77, 84, 99, 100, 102, 103, 107, 109, 110, 118, 124, 137, 150, 164, 165, 166, 167, 170, 178, 179, 180, 181, 182], "summary": {"covered_lines": 40, "num_statements": 40, "percent_covered": 100.0, "percent_covered_display": "100", "missing_lines": 0, "excluded_lines": 0, "percent_statements_covered": 100.0, "percent_statements_covered_display": "100"}, "missing_lines": [], "excluded_lines": [], "start_line": 1}}}, "app\\http_server.py": {"executed_lines": [22, 23, 24, 25, 26, 27, 28, 29, 31, 32, 34, 40, 41, 48, 58, 66, 67, 68, 69, 70, 71, 73, 75, 76, 78, 83, 84, 85, 86, 88, 89, 102, 104, 111, 112, 115, 116, 118, 120, 121, 123, 132, 138, 139, 140, 141, 142, 143, 144, 147, 154, 157, 159, 160, 162, 163, 164, 165, 166, 167, 168, 170, 171, 173, 175, 176, 178, 180, 194, 195, 197, 199, 200, 204, 205, 207, 208, 209, 212, 213, 214, 216, 217, 218, 220, 221, 222, 224, 225, 227, 228, 230, 231, 232, 235, 236, 237, 239, 241, 242, 245, 247, 248, 249, 251, 253, 254, 255, 256, 257, 258, 259, 260, 261, 262, 263, 270, 273, 274, 275, 282, 291, 292, 293, 294], "summary": {"covered_lines": 125, "num_statements": 135, "percent_covered": 92.5925925925926, "percent_covered_display": "93", "missing_lines": 10, "excluded_lines": 0, "percent_statements_covered": 92.5925925925926, "percent_statements_covered_display": "93"}, "missing_lines": [113, 114, 145, 146, 177, 233, 234, 264, 265, 267], "excluded_lines": [], "functions": {"OrchestratorState.__init__": {"executed_lines": [66, 67, 68, 69, 70, 71], "summary": {"covered_lines": 6, "num_statements": 6, "percent_covered": 100.0, "percent_covered_display": "100", "missing_lines": 0, "excluded_lines": 0, "percent_statements_covered": 100.0, "percent_statements_covered_display": "100"}, "missing_lines": [], "excluded_lines": [], "start_line": 58}, "OrchestratorState.snapshot_metrics": {"executed_lines": [75, 76], "summary": {"covered_lines": 2, "num_statements": 2, "percent_covered": 100.0, "percent_covered_display": "100", "missing_lines": 0, "excluded_lines": 0, "percent_statements_covered": 100.0, "percent_statements_covered_display": "100"}, "missing_lines": [], "excluded_lines": [], "start_line": 73}, "OrchestratorState.snapshot_jobs_list": {"executed_lines": [83, 84, 85, 86, 88, 89, 102], "summary": {"covered_lines": 7, "num_statements": 7, "percent_covered": 100.0, "percent_covered_display": "100", "missing_lines": 0, "excluded_lines": 0, "percent_statements_covered": 100.0, "percent_statements_covered_display": "100"}, "missing_lines": [], "excluded_lines": [], "start_line": 78}, "OrchestratorState.snapshot_job": {"executed_lines": [111, 112, 115, 116], "summary": {"covered_lines": 4, "num_statements": 6, "percent_covered": 66.66666666666667, "percent_covered_display": "67", "missing_lines": 2, "excluded_lines": 0, "percent_statements_covered": 66.66666666666667, "percent_statements_covered_display": "67"}, "missing_lines": [113, 114], "excluded_lines": [], "start_line": 104}, "OrchestratorState.snapshot_config": {"executed_lines": [120, 121], "summary": {"covered_lines": 2, "num_statements": 2, "percent_covered": 100.0, "percent_covered_display": "100", "missing_lines": 0, "excluded_lines": 0, "percent_statements_covered": 100.0, "percent_statements_covered_display": "100"}, "missing_lines": [], "excluded_lines": [], "start_line": 118}, "OrchestratorState.update_config": {"executed_lines": [132, 138, 139, 140, 141, 142, 143, 144, 147], "summary": {"covered_lines": 9, "num_statements": 11, "percent_covered": 81.81818181818181, "percent_covered_display": "82", "missing_lines": 2, "excluded_lines": 0, "percent_statements_covered": 81.81818181818181, "percent_statements_covered_display": "82"}, "missing_lines": [145, 146], "excluded_lines": [], "start_line": 123}, "_OrchestratorHandler.log_message": {"executed_lines": [160], "summary": {"covered_lines": 1, "num_statements": 1, "percent_covered": 100.0, "percent_covered_display": "100", "missing_lines": 0, "excluded_lines": 0, "percent_statements_covered": 100.0, "percent_statements_covered_display": "100"}, "missing_lines": [], "excluded_lines": [], "start_line": 159}, "_OrchestratorHandler._send_json": {"executed_lines": [163, 164, 165, 166, 167, 168], "summary": {"covered_lines": 6, "num_statements": 6, "percent_covered": 100.0, "percent_covered_display": "100", "missing_lines": 0, "excluded_lines": 0, "percent_statements_covered": 100.0, "percent_statements_covered_display": "100"}, "missing_lines": [], "excluded_lines": [], "start_line": 162}, "_OrchestratorHandler._send_error_json": {"executed_lines": [171], "summary": {"covered_lines": 1, "num_statements": 1, "percent_covered": 100.0, "percent_covered_display": "100", "missing_lines": 0, "excluded_lines": 0, "percent_statements_covered": 100.0, "percent_statements_covered_display": "100"}, "missing_lines": [], "excluded_lines": [], "start_line": 170}, "_OrchestratorHandler._get_client_ip": {"executed_lines": [175, 176, 178], "summary": {"covered_lines": 3, "num_statements": 4, "percent_covered": 75.0, "percent_covered_display": "75", "missing_lines": 1, "excluded_lines": 0, "percent_statements_covered": 75.0, "percent_statements_covered_display": "75"}, "missing_lines": [177], "excluded_lines": [], "start_line": 173}, "_OrchestratorHandler._check_api_key": {"executed_lines": [194, 195, 197, 199, 200, 204, 205, 207, 208, 209, 212, 213, 214, 216, 217, 218], "summary": {"covered_lines": 16, "num_statements": 16, "percent_covered": 100.0, "percent_covered_display": "100", "missing_lines": 0, "excluded_lines": 0, "percent_statements_covered": 100.0, "percent_statements_covered_display": "100"}, "missing_lines": [], "excluded_lines": [], "start_line": 180}, "_OrchestratorHandler.do_GET": {"executed_lines": [221, 222, 224, 225, 227, 228, 230, 231, 232, 235, 236, 237, 239, 241, 242, 245], "summary": {"covered_lines": 16, "num_statements": 18, "percent_covered": 88.88888888888889, "percent_covered_display": "89", "missing_lines": 2, "excluded_lines": 0, "percent_statements_covered": 88.88888888888889, "percent_statements_covered_display": "89"}, "missing_lines": [233, 234], "excluded_lines": [], "start_line": 220}, "_OrchestratorHandler.do_POST": {"executed_lines": [248, 249, 251, 253, 254, 255, 256, 257, 258, 259, 260, 261, 262, 263], "summary": {"covered_lines": 14, "num_statements": 17, "percent_covered": 82.3529411764706, "percent_covered_display": "82", "missing_lines": 3, "excluded_lines": 0, "percent_statements_covered": 82.3529411764706, "percent_statements_covered_display": "82"}, "missing_lines": [264, 265, 267], "excluded_lines": [], "start_line": 247}, "_OrchestratorHTTPServer.__init__": {"executed_lines": [274, 275], "summary": {"covered_lines": 2, "num_statements": 2, "percent_covered": 100.0, "percent_covered_display": "100", "missing_lines": 0, "excluded_lines": 0, "percent_statements_covered": 100.0, "percent_statements_covered_display": "100"}, "missing_lines": [], "excluded_lines": [], "start_line": 273}, "start_http_server": {"executed_lines": [291, 292, 293, 294], "summary": {"covered_lines": 4, "num_statements": 4, "percent_covered": 100.0, "percent_covered_display": "100", "missing_lines": 0, "excluded_lines": 0, "percent_statements_covered": 100.0, "percent_statements_covered_display": "100"}, "missing_lines": [], "excluded_lines": [], "start_line": 282}, "": {"executed_lines": [22, 23, 24, 25, 26, 27, 28, 29, 31, 32, 34, 40, 41, 48, 58, 73, 78, 104, 118, 123, 154, 157, 159, 162, 170, 173, 180, 220, 247, 270, 273, 282], "summary": {"covered_lines": 32, "num_statements": 32, "percent_covered": 100.0, "percent_covered_display": "100", "missing_lines": 0, "excluded_lines": 0, "percent_statements_covered": 100.0, "percent_statements_covered_display": "100"}, "missing_lines": [], "excluded_lines": [], "start_line": 1}}, "classes": {"OrchestratorState": {"executed_lines": [66, 67, 68, 69, 70, 71, 75, 76, 83, 84, 85, 86, 88, 89, 102, 111, 112, 115, 116, 120, 121, 132, 138, 139, 140, 141, 142, 143, 144, 147], "summary": {"covered_lines": 30, "num_statements": 34, "percent_covered": 88.23529411764706, "percent_covered_display": "88", "missing_lines": 4, "excluded_lines": 0, "percent_statements_covered": 88.23529411764706, "percent_statements_covered_display": "88"}, "missing_lines": [113, 114, 145, 146], "excluded_lines": [], "start_line": 48}, "_OrchestratorHandler": {"executed_lines": [160, 163, 164, 165, 166, 167, 168, 171, 175, 176, 178, 194, 195, 197, 199, 200, 204, 205, 207, 208, 209, 212, 213, 214, 216, 217, 218, 221, 222, 224, 225, 227, 228, 230, 231, 232, 235, 236, 237, 239, 241, 242, 245, 248, 249, 251, 253, 254, 255, 256, 257, 258, 259, 260, 261, 262, 263], "summary": {"covered_lines": 57, "num_statements": 63, "percent_covered": 90.47619047619048, "percent_covered_display": "90", "missing_lines": 6, "excluded_lines": 0, "percent_statements_covered": 90.47619047619048, "percent_statements_covered_display": "90"}, "missing_lines": [177, 233, 234, 264, 265, 267], "excluded_lines": [], "start_line": 154}, "_OrchestratorHTTPServer": {"executed_lines": [274, 275], "summary": {"covered_lines": 2, "num_statements": 2, "percent_covered": 100.0, "percent_covered_display": "100", "missing_lines": 0, "excluded_lines": 0, "percent_statements_covered": 100.0, "percent_statements_covered_display": "100"}, "missing_lines": [], "excluded_lines": [], "start_line": 270}, "": {"executed_lines": [22, 23, 24, 25, 26, 27, 28, 29, 31, 32, 34, 40, 41, 48, 58, 73, 78, 104, 118, 123, 154, 157, 159, 162, 170, 173, 180, 220, 247, 270, 273, 282, 291, 292, 293, 294], "summary": {"covered_lines": 36, "num_statements": 36, "percent_covered": 100.0, "percent_covered_display": "100", "missing_lines": 0, "excluded_lines": 0, "percent_statements_covered": 100.0, "percent_statements_covered_display": "100"}, "missing_lines": [], "excluded_lines": [], "start_line": 1}}}, "app\\logger.py": {"executed_lines": [6, 7, 8, 9, 12, 13, 16, 19, 20, 27, 28, 29, 30, 31, 32, 33, 36, 43, 44, 45, 46, 47, 49, 53, 54, 55, 56], "summary": {"covered_lines": 27, "num_statements": 27, "percent_covered": 100.0, "percent_covered_display": "100", "missing_lines": 0, "excluded_lines": 0, "percent_statements_covered": 100.0, "percent_statements_covered_display": "100"}, "missing_lines": [], "excluded_lines": [], "functions": {"_JsonFormatter.format": {"executed_lines": [20, 27, 28, 29, 30, 31, 32, 33], "summary": {"covered_lines": 8, "num_statements": 8, "percent_covered": 100.0, "percent_covered_display": "100", "missing_lines": 0, "excluded_lines": 0, "percent_statements_covered": 100.0, "percent_statements_covered_display": "100"}, "missing_lines": [], "excluded_lines": [], "start_line": 19}, "get_logger": {"executed_lines": [43, 44, 45, 46, 47, 49, 53, 54, 55, 56], "summary": {"covered_lines": 10, "num_statements": 10, "percent_covered": 100.0, "percent_covered_display": "100", "missing_lines": 0, "excluded_lines": 0, "percent_statements_covered": 100.0, "percent_statements_covered_display": "100"}, "missing_lines": [], "excluded_lines": [], "start_line": 36}, "": {"executed_lines": [6, 7, 8, 9, 12, 13, 16, 19, 36], "summary": {"covered_lines": 9, "num_statements": 9, "percent_covered": 100.0, "percent_covered_display": "100", "missing_lines": 0, "excluded_lines": 0, "percent_statements_covered": 100.0, "percent_statements_covered_display": "100"}, "missing_lines": [], "excluded_lines": [], "start_line": 1}}, "classes": {"_JsonFormatter": {"executed_lines": [20, 27, 28, 29, 30, 31, 32, 33], "summary": {"covered_lines": 8, "num_statements": 8, "percent_covered": 100.0, "percent_covered_display": "100", "missing_lines": 0, "excluded_lines": 0, "percent_statements_covered": 100.0, "percent_statements_covered_display": "100"}, "missing_lines": [], "excluded_lines": [], "start_line": 16}, "": {"executed_lines": [6, 7, 8, 9, 12, 13, 16, 19, 36, 43, 44, 45, 46, 47, 49, 53, 54, 55, 56], "summary": {"covered_lines": 19, "num_statements": 19, "percent_covered": 100.0, "percent_covered_display": "100", "missing_lines": 0, "excluded_lines": 0, "percent_statements_covered": 100.0, "percent_statements_covered_display": "100"}, "missing_lines": [], "excluded_lines": [], "start_line": 1}}}, "app\\main.py": {"executed_lines": [7, 8, 9, 10, 11, 13, 23, 35, 36, 38, 44, 45, 46, 47, 48, 49, 50, 51, 52, 54, 55, 57, 58, 59, 60, 61, 62, 63, 64, 67, 68, 69, 72, 75, 76, 82, 84, 86, 89, 96, 97, 98, 99, 102, 109, 110, 113, 115, 118, 120, 123, 125, 128, 135, 136, 137, 138, 139, 142, 148, 149, 150, 153, 158, 167, 170, 176, 177, 178, 179, 180, 187, 196, 197, 199, 200, 201, 202, 204, 216, 217, 223, 231, 232, 233, 235, 236, 237, 238, 239, 240, 241, 244, 246, 247, 248, 252, 253, 254, 257, 258, 259, 260, 261, 262, 263, 264, 265, 266, 271, 274, 277, 278, 281, 282, 283, 292, 300, 305, 306, 309, 317, 330, 331, 334, 343, 344, 345, 346, 353, 363, 364, 365, 366, 367, 368, 372, 373, 374, 375, 376, 380, 387, 634, 641, 642, 643, 644, 645, 647, 648, 649, 651, 672, 679, 680, 681, 686, 688, 689, 690, 691, 692, 693, 696, 697, 698, 701, 702, 703, 704, 706, 709], "summary": {"covered_lines": 173, "num_statements": 355, "percent_covered": 48.732394366197184, "percent_covered_display": "49", "missing_lines": 182, "excluded_lines": 0, "percent_statements_covered": 48.732394366197184, "percent_statements_covered_display": "49"}, "missing_lines": [155, 234, 255, 256, 279, 280, 284, 285, 409, 411, 414, 415, 416, 417, 418, 419, 420, 421, 422, 423, 426, 427, 428, 429, 430, 431, 432, 433, 434, 437, 438, 439, 440, 441, 442, 443, 444, 445, 447, 448, 451, 452, 453, 454, 455, 456, 457, 458, 459, 460, 462, 463, 464, 465, 467, 468, 469, 470, 472, 473, 480, 487, 488, 495, 496, 499, 500, 501, 502, 503, 504, 505, 506, 507, 508, 509, 510, 511, 512, 513, 514, 515, 516, 517, 518, 519, 520, 521, 522, 523, 524, 525, 526, 527, 530, 531, 532, 533, 534, 535, 536, 537, 538, 539, 540, 541, 542, 543, 544, 545, 546, 549, 550, 551, 552, 553, 554, 555, 556, 557, 558, 559, 560, 561, 562, 563, 564, 565, 566, 567, 568, 569, 570, 571, 572, 573, 576, 577, 578, 579, 580, 581, 582, 585, 586, 587, 588, 589, 590, 591, 593, 594, 595, 596, 597, 598, 599, 600, 603, 604, 605, 606, 607, 608, 610, 611, 612, 613, 614, 615, 616, 617, 618, 619, 620, 621, 624, 627, 682, 683, 694, 710], "excluded_lines": [], "functions": {"ensure_layout": {"executed_lines": [84, 86], "summary": {"covered_lines": 2, "num_statements": 2, "percent_covered": 100.0, "percent_covered_display": "100", "missing_lines": 0, "excluded_lines": 0, "percent_statements_covered": 100.0, "percent_statements_covered_display": "100"}, "missing_lines": [], "excluded_lines": [], "start_line": 82}, "get_service_info": {"executed_lines": [96, 97, 98, 99], "summary": {"covered_lines": 4, "num_statements": 4, "percent_covered": 100.0, "percent_covered_display": "100", "missing_lines": 0, "excluded_lines": 0, "percent_statements_covered": 100.0, "percent_statements_covered_display": "100"}, "missing_lines": [], "excluded_lines": [], "start_line": 89}, "move_atomic": {"executed_lines": [109, 110], "summary": {"covered_lines": 2, "num_statements": 2, "percent_covered": 100.0, "percent_covered_display": "100", "missing_lines": 0, "excluded_lines": 0, "percent_statements_covered": 100.0, "percent_statements_covered_display": "100"}, "missing_lines": [], "excluded_lines": [], "start_line": 102}, "base_name": {"executed_lines": [115], "summary": {"covered_lines": 1, "num_statements": 1, "percent_covered": 100.0, "percent_covered_display": "100", "missing_lines": 0, "excluded_lines": 0, "percent_statements_covered": 100.0, "percent_statements_covered_display": "100"}, "missing_lines": [], "excluded_lines": [], "start_line": 113}, "job_dir": {"executed_lines": [120], "summary": {"covered_lines": 1, "num_statements": 1, "percent_covered": 100.0, "percent_covered_display": "100", "missing_lines": 0, "excluded_lines": 0, "percent_statements_covered": 100.0, "percent_statements_covered_display": "100"}, "missing_lines": [], "excluded_lines": [], "start_line": 118}, "job_state_path": {"executed_lines": [125], "summary": {"covered_lines": 1, "num_statements": 1, "percent_covered": 100.0, "percent_covered_display": "100", "missing_lines": 0, "excluded_lines": 0, "percent_statements_covered": 100.0, "percent_statements_covered_display": "100"}, "missing_lines": [], "excluded_lines": [], "start_line": 123}, "update_state": {"executed_lines": [135, 136, 137, 138, 139], "summary": {"covered_lines": 5, "num_statements": 5, "percent_covered": 100.0, "percent_covered_display": "100", "missing_lines": 0, "excluded_lines": 0, "percent_statements_covered": 100.0, "percent_statements_covered_display": "100"}, "missing_lines": [], "excluded_lines": [], "start_line": 128}, "load_index": {"executed_lines": [148, 149, 150], "summary": {"covered_lines": 3, "num_statements": 3, "percent_covered": 100.0, "percent_covered_display": "100", "missing_lines": 0, "excluded_lines": 0, "percent_statements_covered": 100.0, "percent_statements_covered_display": "100"}, "missing_lines": [], "excluded_lines": [], "start_line": 142}, "save_index": {"executed_lines": [], "summary": {"covered_lines": 0, "num_statements": 1, "percent_covered": 0.0, "percent_covered_display": "0", "missing_lines": 1, "excluded_lines": 0, "percent_statements_covered": 0.0, "percent_statements_covered_display": "0"}, "missing_lines": [155], "excluded_lines": [], "start_line": 153}, "output_path_for": {"executed_lines": [167], "summary": {"covered_lines": 1, "num_statements": 1, "percent_covered": 100.0, "percent_covered_display": "100", "missing_lines": 0, "excluded_lines": 0, "percent_statements_covered": 100.0, "percent_statements_covered_display": "100"}, "missing_lines": [], "excluded_lines": [], "start_line": 158}, "discover_inputs": {"executed_lines": [176, 177, 178, 179, 180], "summary": {"covered_lines": 5, "num_statements": 5, "percent_covered": 100.0, "percent_covered_display": "100", "missing_lines": 0, "excluded_lines": 0, "percent_statements_covered": 100.0, "percent_statements_covered_display": "100"}, "missing_lines": [], "excluded_lines": [], "start_line": 170}, "write_duplicate_report": {"executed_lines": [196, 197, 199, 200, 201, 202, 204, 216, 217], "summary": {"covered_lines": 9, "num_statements": 9, "percent_covered": 100.0, "percent_covered_display": "100", "missing_lines": 0, "excluded_lines": 0, "percent_statements_covered": 100.0, "percent_statements_covered_display": "100"}, "missing_lines": [], "excluded_lines": [], "start_line": 187}, "check_duplicate_decisions": {"executed_lines": [231, 232, 233, 235, 236, 237, 238, 239, 240, 241, 244, 246, 247, 248, 252, 253, 254, 257, 258, 259, 260, 261, 262, 263, 264, 265, 266, 271, 274, 277, 278, 281, 282, 283], "summary": {"covered_lines": 34, "num_statements": 41, "percent_covered": 82.92682926829268, "percent_covered_display": "83", "missing_lines": 7, "excluded_lines": 0, "percent_statements_covered": 82.92682926829268, "percent_statements_covered_display": "83"}, "missing_lines": [234, 255, 256, 279, 280, 284, 285], "excluded_lines": [], "start_line": 223}, "submit_prep": {"executed_lines": [300, 305, 306], "summary": {"covered_lines": 3, "num_statements": 3, "percent_covered": 100.0, "percent_covered_display": "100", "missing_lines": 0, "excluded_lines": 0, "percent_statements_covered": 100.0, "percent_statements_covered_display": "100"}, "missing_lines": [], "excluded_lines": [], "start_line": 292}, "submit_ocr": {"executed_lines": [317, 330, 331], "summary": {"covered_lines": 3, "num_statements": 3, "percent_covered": 100.0, "percent_covered_display": "100", "missing_lines": 0, "excluded_lines": 0, "percent_statements_covered": 100.0, "percent_statements_covered_display": "100"}, "missing_lines": [], "excluded_lines": [], "start_line": 309}, "poll_job": {"executed_lines": [343, 344, 345, 346], "summary": {"covered_lines": 4, "num_statements": 4, "percent_covered": 100.0, "percent_covered_display": "100", "missing_lines": 0, "excluded_lines": 0, "percent_statements_covered": 100.0, "percent_statements_covered_display": "100"}, "missing_lines": [], "excluded_lines": [], "start_line": 334}, "check_stale_jobs": {"executed_lines": [363, 364, 365, 366, 367, 368, 372, 373, 374, 375, 376, 380], "summary": {"covered_lines": 12, "num_statements": 12, "percent_covered": 100.0, "percent_covered_display": "100", "missing_lines": 0, "excluded_lines": 0, "percent_statements_covered": 100.0, "percent_statements_covered_display": "100"}, "missing_lines": [], "excluded_lines": [], "start_line": 353}, "process_tick": {"executed_lines": [], "summary": {"covered_lines": 0, "num_statements": 170, "percent_covered": 0.0, "percent_covered_display": "0", "missing_lines": 170, "excluded_lines": 0, "percent_statements_covered": 0.0, "percent_statements_covered_display": "0"}, "missing_lines": [409, 411, 414, 415, 416, 417, 418, 419, 420, 421, 422, 423, 426, 427, 428, 429, 430, 431, 432, 433, 434, 437, 438, 439, 440, 441, 442, 443, 444, 445, 447, 448, 451, 452, 453, 454, 455, 456, 457, 458, 459, 460, 462, 463, 464, 465, 467, 468, 469, 470, 472, 473, 480, 487, 488, 495, 496, 499, 500, 501, 502, 503, 504, 505, 506, 507, 508, 509, 510, 511, 512, 513, 514, 515, 516, 517, 518, 519, 520, 521, 522, 523, 524, 525, 526, 527, 530, 531, 532, 533, 534, 535, 536, 537, 538, 539, 540, 541, 542, 543, 544, 545, 546, 549, 550, 551, 552, 553, 554, 555, 556, 557, 558, 559, 560, 561, 562, 563, 564, 565, 566, 567, 568, 569, 570, 571, 572, 573, 576, 577, 578, 579, 580, 581, 582, 585, 586, 587, 588, 589, 590, 591, 593, 594, 595, 596, 597, 598, 599, 600, 603, 604, 605, 606, 607, 608, 610, 611, 612, 613, 614, 615, 616, 617, 618, 619, 620, 621, 624, 627], "excluded_lines": [], "start_line": 387}, "process_loop": {"executed_lines": [641, 642, 643, 644, 645, 647, 648, 649, 651, 672, 679, 680, 681, 686, 688, 696, 697, 698, 701, 702, 703, 704, 706], "summary": {"covered_lines": 23, "num_statements": 25, "percent_covered": 92.0, "percent_covered_display": "92", "missing_lines": 2, "excluded_lines": 0, "percent_statements_covered": 92.0, "percent_statements_covered_display": "92"}, "missing_lines": [682, 683], "excluded_lines": [], "start_line": 634}, "process_loop._run_janitor": {"executed_lines": [689, 690, 691, 692, 693], "summary": {"covered_lines": 5, "num_statements": 6, "percent_covered": 83.33333333333333, "percent_covered_display": "83", "missing_lines": 1, "excluded_lines": 0, "percent_statements_covered": 83.33333333333333, "percent_statements_covered_display": "83"}, "missing_lines": [694], "excluded_lines": [], "start_line": 688}, "": {"executed_lines": [7, 8, 9, 10, 11, 13, 23, 35, 36, 38, 44, 45, 46, 47, 48, 49, 50, 51, 52, 54, 55, 57, 58, 59, 60, 61, 62, 63, 64, 67, 68, 69, 72, 75, 76, 82, 89, 102, 113, 118, 123, 128, 142, 153, 158, 170, 187, 223, 292, 309, 334, 353, 387, 634, 709], "summary": {"covered_lines": 55, "num_statements": 56, "percent_covered": 98.21428571428571, "percent_covered_display": "98", "missing_lines": 1, "excluded_lines": 0, "percent_statements_covered": 98.21428571428571, "percent_statements_covered_display": "98"}, "missing_lines": [710], "excluded_lines": [], "start_line": 1}}, "classes": {"": {"executed_lines": [7, 8, 9, 10, 11, 13, 23, 35, 36, 38, 44, 45, 46, 47, 48, 49, 50, 51, 52, 54, 55, 57, 58, 59, 60, 61, 62, 63, 64, 67, 68, 69, 72, 75, 76, 82, 84, 86, 89, 96, 97, 98, 99, 102, 109, 110, 113, 115, 118, 120, 123, 125, 128, 135, 136, 137, 138, 139, 142, 148, 149, 150, 153, 158, 167, 170, 176, 177, 178, 179, 180, 187, 196, 197, 199, 200, 201, 202, 204, 216, 217, 223, 231, 232, 233, 235, 236, 237, 238, 239, 240, 241, 244, 246, 247, 248, 252, 253, 254, 257, 258, 259, 260, 261, 262, 263, 264, 265, 266, 271, 274, 277, 278, 281, 282, 283, 292, 300, 305, 306, 309, 317, 330, 331, 334, 343, 344, 345, 346, 353, 363, 364, 365, 366, 367, 368, 372, 373, 374, 375, 376, 380, 387, 634, 641, 642, 643, 644, 645, 647, 648, 649, 651, 672, 679, 680, 681, 686, 688, 689, 690, 691, 692, 693, 696, 697, 698, 701, 702, 703, 704, 706, 709], "summary": {"covered_lines": 173, "num_statements": 355, "percent_covered": 48.732394366197184, "percent_covered_display": "49", "missing_lines": 182, "excluded_lines": 0, "percent_statements_covered": 48.732394366197184, "percent_statements_covered_display": "49"}, "missing_lines": [155, 234, 255, 256, 279, 280, 284, 285, 409, 411, 414, 415, 416, 417, 418, 419, 420, 421, 422, 423, 426, 427, 428, 429, 430, 431, 432, 433, 434, 437, 438, 439, 440, 441, 442, 443, 444, 445, 447, 448, 451, 452, 453, 454, 455, 456, 457, 458, 459, 460, 462, 463, 464, 465, 467, 468, 469, 470, 472, 473, 480, 487, 488, 495, 496, 499, 500, 501, 502, 503, 504, 505, 506, 507, 508, 509, 510, 511, 512, 513, 514, 515, 516, 517, 518, 519, 520, 521, 522, 523, 524, 525, 526, 527, 530, 531, 532, 533, 534, 535, 536, 537, 538, 539, 540, 541, 542, 543, 544, 545, 546, 549, 550, 551, 552, 553, 554, 555, 556, 557, 558, 559, 560, 561, 562, 563, 564, 565, 566, 567, 568, 569, 570, 571, 572, 573, 576, 577, 578, 579, 580, 581, 582, 585, 586, 587, 588, 589, 590, 591, 593, 594, 595, 596, 597, 598, 599, 600, 603, 604, 605, 606, 607, 608, 610, 611, 612, 613, 614, 615, 616, 617, 618, 619, 620, 621, 624, 627, 682, 683, 694, 710], "excluded_lines": [], "start_line": 1}}}, "app\\utils.py": {"executed_lines": [1, 2, 9, 19, 20, 22, 23, 26, 33, 34, 36, 37, 38, 39, 40, 42, 43, 44, 45, 46, 48, 49, 50, 51, 52, 53, 54, 55, 56, 58, 60, 61, 63, 64, 65, 66, 67, 68, 69, 70, 71, 72, 74, 75, 82, 90, 91, 92, 93, 94, 95, 96, 97, 106, 115, 116, 117, 118, 119, 120, 121, 128, 138, 139, 140, 141, 142, 143, 144, 145, 146, 147, 148, 150, 151, 152, 153, 154, 157, 164, 172, 173, 174, 175, 176, 184, 185, 186, 189, 197, 198, 199, 200, 205, 206], "summary": {"covered_lines": 95, "num_statements": 100, "percent_covered": 95.0, "percent_covered_display": "95", "missing_lines": 5, "excluded_lines": 0, "percent_statements_covered": 95.0, "percent_statements_covered_display": "95"}, "missing_lines": [98, 99, 149, 155, 156], "excluded_lines": [], "functions": {"safe_path": {"executed_lines": [19, 20, 22, 23, 26], "summary": {"covered_lines": 5, "num_statements": 5, "percent_covered": 100.0, "percent_covered_display": "100", "missing_lines": 0, "excluded_lines": 0, "percent_statements_covered": 100.0, "percent_statements_covered_display": "100"}, "missing_lines": [], "excluded_lines": [], "start_line": 9}, "ensure_dir": {"executed_lines": [34], "summary": {"covered_lines": 1, "num_statements": 1, "percent_covered": 100.0, "percent_covered_display": "100", "missing_lines": 0, "excluded_lines": 0, "percent_statements_covered": 100.0, "percent_statements_covered_display": "100"}, "missing_lines": [], "excluded_lines": [], "start_line": 33}, "atomic_write_json": {"executed_lines": [37, 38, 39, 40], "summary": {"covered_lines": 4, "num_statements": 4, "percent_covered": 100.0, "percent_covered_display": "100", "missing_lines": 0, "excluded_lines": 0, "percent_statements_covered": 100.0, "percent_statements_covered_display": "100"}, "missing_lines": [], "excluded_lines": [], "start_line": 36}, "read_json": {"executed_lines": [43, 44, 45, 46], "summary": {"covered_lines": 4, "num_statements": 4, "percent_covered": 100.0, "percent_covered_display": "100", "missing_lines": 0, "excluded_lines": 0, "percent_statements_covered": 100.0, "percent_statements_covered_display": "100"}, "missing_lines": [], "excluded_lines": [], "start_line": 42}, "sha256_file": {"executed_lines": [49, 50, 51, 52, 53, 54, 55, 56], "summary": {"covered_lines": 8, "num_statements": 8, "percent_covered": 100.0, "percent_covered_display": "100", "missing_lines": 0, "excluded_lines": 0, "percent_statements_covered": 100.0, "percent_statements_covered_display": "100"}, "missing_lines": [], "excluded_lines": [], "start_line": 48}, "natural_key": {"executed_lines": [61], "summary": {"covered_lines": 1, "num_statements": 1, "percent_covered": 100.0, "percent_covered_display": "100", "missing_lines": 0, "excluded_lines": 0, "percent_statements_covered": 100.0, "percent_statements_covered_display": "100"}, "missing_lines": [], "excluded_lines": [], "start_line": 60}, "list_images_recursive": {"executed_lines": [64, 65, 66, 67, 68, 69, 70, 71, 72], "summary": {"covered_lines": 9, "num_statements": 9, "percent_covered": 100.0, "percent_covered_display": "100", "missing_lines": 0, "excluded_lines": 0, "percent_statements_covered": 100.0, "percent_statements_covered_display": "100"}, "missing_lines": [], "excluded_lines": [], "start_line": 63}, "now_iso": {"executed_lines": [75], "summary": {"covered_lines": 1, "num_statements": 1, "percent_covered": 100.0, "percent_covered_display": "100", "missing_lines": 0, "excluded_lines": 0, "percent_statements_covered": 100.0, "percent_statements_covered_display": "100"}, "missing_lines": [], "excluded_lines": [], "start_line": 74}, "validate_pdf": {"executed_lines": [90, 91, 92, 93, 94, 95, 96, 97], "summary": {"covered_lines": 8, "num_statements": 10, "percent_covered": 80.0, "percent_covered_display": "80", "missing_lines": 2, "excluded_lines": 0, "percent_statements_covered": 80.0, "percent_statements_covered_display": "80"}, "missing_lines": [98, 99], "excluded_lines": [], "start_line": 82}, "check_disk_space": {"executed_lines": [115, 116, 117, 118, 119, 120, 121], "summary": {"covered_lines": 7, "num_statements": 7, "percent_covered": 100.0, "percent_covered_display": "100", "missing_lines": 0, "excluded_lines": 0, "percent_statements_covered": 100.0, "percent_statements_covered_display": "100"}, "missing_lines": [], "excluded_lines": [], "start_line": 106}, "cleanup_old_workdirs": {"executed_lines": [138, 139, 140, 141, 142, 143, 144, 145, 146, 147, 148, 150, 151, 152, 153, 154, 157], "summary": {"covered_lines": 17, "num_statements": 20, "percent_covered": 85.0, "percent_covered_display": "85", "missing_lines": 3, "excluded_lines": 0, "percent_statements_covered": 85.0, "percent_statements_covered_display": "85"}, "missing_lines": [149, 155, 156], "excluded_lines": [], "start_line": 128}, "check_input_size": {"executed_lines": [172, 173, 174, 175, 176], "summary": {"covered_lines": 5, "num_statements": 5, "percent_covered": 100.0, "percent_covered_display": "100", "missing_lines": 0, "excluded_lines": 0, "percent_statements_covered": 100.0, "percent_statements_covered_display": "100"}, "missing_lines": [], "excluded_lines": [], "start_line": 164}, "check_file_signature": {"executed_lines": [197, 198, 199, 200, 205, 206], "summary": {"covered_lines": 6, "num_statements": 6, "percent_covered": 100.0, "percent_covered_display": "100", "missing_lines": 0, "excluded_lines": 0, "percent_statements_covered": 100.0, "percent_statements_covered_display": "100"}, "missing_lines": [], "excluded_lines": [], "start_line": 189}, "": {"executed_lines": [1, 2, 9, 33, 36, 42, 48, 58, 60, 63, 74, 82, 106, 128, 164, 184, 185, 186, 189], "summary": {"covered_lines": 19, "num_statements": 19, "percent_covered": 100.0, "percent_covered_display": "100", "missing_lines": 0, "excluded_lines": 0, "percent_statements_covered": 100.0, "percent_statements_covered_display": "100"}, "missing_lines": [], "excluded_lines": [], "start_line": 1}}, "classes": {"": {"executed_lines": [1, 2, 9, 19, 20, 22, 23, 26, 33, 34, 36, 37, 38, 39, 40, 42, 43, 44, 45, 46, 48, 49, 50, 51, 52, 53, 54, 55, 56, 58, 60, 61, 63, 64, 65, 66, 67, 68, 69, 70, 71, 72, 74, 75, 82, 90, 91, 92, 93, 94, 95, 96, 97, 106, 115, 116, 117, 118, 119, 120, 121, 128, 138, 139, 140, 141, 142, 143, 144, 145, 146, 147, 148, 150, 151, 152, 153, 154, 157, 164, 172, 173, 174, 175, 176, 184, 185, 186, 189, 197, 198, 199, 200, 205, 206], "summary": {"covered_lines": 95, "num_statements": 100, "percent_covered": 95.0, "percent_covered_display": "95", "missing_lines": 5, "excluded_lines": 0, "percent_statements_covered": 95.0, "percent_statements_covered_display": "95"}, "missing_lines": [98, 99, 149, 155, 156], "excluded_lines": [], "start_line": 1}}}}, "totals": {"covered_lines": 460, "num_statements": 657, "percent_covered": 70.01522070015221, "percent_covered_display": "70", "missing_lines": 197, "excluded_lines": 0, "percent_statements_covered": 70.01522070015221, "percent_statements_covered_display": "70"}}